#! /usr/bin/vvp
:ivl_version "11.0 (stable)";
:ivl_delay_selection "TYPICAL";
:vpi_time_precision + 0;
:vpi_module "/usr/lib/aarch64-linux-gnu/ivl/system.vpi";
:vpi_module "/usr/lib/aarch64-linux-gnu/ivl/vhdl_sys.vpi";
:vpi_module "/usr/lib/aarch64-linux-gnu/ivl/vhdl_textio.vpi";
:vpi_module "/usr/lib/aarch64-linux-gnu/ivl/v2005_math.vpi";
:vpi_module "/usr/lib/aarch64-linux-gnu/ivl/va_math.vpi";
S_0xab1b95babcf0 .scope module, "gs_tb" "gs_tb" 2 4;
 .timescale 0 0;
v0xab1b95bca5f0_0 .net "branch_address", 63 0, v0xab1b95bca260_0;  1 drivers
v0xab1b95bca700_0 .net "clk_i", 0 0, v0xab1b95bca320_0;  1 drivers
o0xfff136a1f438 .functor BUFZ 1, C4<z>; HiZ drive
v0xab1b95bca810_0 .net "porcentaje_de_aciertos", 0 0, o0xfff136a1f438;  0 drivers
v0xab1b95bca8b0_0 .net "prediction", 0 0, v0xab1b95bc9b70_0;  1 drivers
v0xab1b95bca950_0 .net "real_ton", 0 0, v0xab1b95bca3f0_0;  1 drivers
v0xab1b95bcaa90_0 .net "reset_i", 0 0, v0xab1b95bca4f0_0;  1 drivers
S_0xab1b95babe80 .scope module, "uut" "bimode" 2 22, 3 1 0, S_0xab1b95babcf0;
 .timescale 0 0;
    .port_info 0 /INPUT 1 "clk_i";
    .port_info 1 /INPUT 1 "reset_i";
    .port_info 2 /INPUT 64 "branch_address";
    .port_info 3 /INPUT 1 "real_ton";
    .port_info 4 /OUTPUT 1 "prediction";
L_0xab1b95b961a0 .functor XOR 8, v0xab1b95bc9600_0, L_0xab1b95bcab80, C4<00000000>, C4<00000000>;
v0xab1b95b96310_0 .net *"_ivl_1", 7 0, L_0xab1b95bcab80;  1 drivers
v0xab1b95b963b0_0 .var "aciertos", 31 0;
v0xab1b95bc9480_0 .net "branch_address", 63 0, v0xab1b95bca260_0;  alias, 1 drivers
v0xab1b95bc9540_0 .net "clk_i", 0 0, v0xab1b95bca320_0;  alias, 1 drivers
v0xab1b95bc9600_0 .var "global_history", 7 0;
v0xab1b95bc9730_0 .var/i "i", 31 0;
v0xab1b95bc9810_0 .net "index", 7 0, L_0xab1b95b961a0;  1 drivers
v0xab1b95bc98f0_0 .net "index2", 7 0, L_0xab1b95bcac70;  1 drivers
v0xab1b95bc99d0 .array "not_taken_pht", 255 0, 1 0;
v0xab1b95bc9a90_0 .var "porcentaje_de_aciertos", 31 0;
v0xab1b95bc9b70_0 .var "prediction", 0 0;
v0xab1b95bc9c30_0 .net "real_ton", 0 0, v0xab1b95bca3f0_0;  alias, 1 drivers
v0xab1b95bc9cf0_0 .net "reset_i", 0 0, v0xab1b95bca4f0_0;  alias, 1 drivers
v0xab1b95bc9db0 .array "selection_pht", 255 0, 1 0;
v0xab1b95bc9e70 .array "taken_pht", 255 0, 1 0;
v0xab1b95bc9f30_0 .var "total", 31 0;
E_0xab1b95b95e10 .event posedge, v0xab1b95bc9540_0;
L_0xab1b95bcab80 .part v0xab1b95bca260_0, 0, 8;
L_0xab1b95bcac70 .part v0xab1b95bca260_0, 0, 8;
S_0xab1b95bca0b0 .scope module, "uuut" "bimoded" 2 30, 4 1 0, S_0xab1b95babcf0;
 .timescale 0 0;
    .port_info 0 /OUTPUT 1 "clk_i";
    .port_info 1 /OUTPUT 1 "reset_i";
    .port_info 2 /OUTPUT 64 "branch_address";
    .port_info 3 /OUTPUT 1 "real_ton";
v0xab1b95bca260_0 .var "branch_address", 63 0;
v0xab1b95bca320_0 .var "clk_i", 0 0;
v0xab1b95bca3f0_0 .var "real_ton", 0 0;
v0xab1b95bca4f0_0 .var "reset_i", 0 0;
    .scope S_0xab1b95babe80;
T_0 ;
    %wait E_0xab1b95b95e10;
    %load/vec4 v0xab1b95bc9cf0_0;
    %flag_set/vec4 8;
    %jmp/0xz  T_0.0, 8;
    %pushi/vec4 0, 0, 32;
    %store/vec4 v0xab1b95bc9730_0, 0, 32;
T_0.2 ;
    %load/vec4 v0xab1b95bc9730_0;
    %cmpi/s 255, 0, 32;
    %jmp/0xz T_0.3, 5;
    %pushi/vec4 1, 0, 2;
    %ix/getv/s 3, v0xab1b95bc9730_0;
    %ix/load 4, 0, 0; Constant delay
    %assign/vec4/a/d v0xab1b95bc9e70, 0, 4;
    %pushi/vec4 1, 0, 2;
    %ix/getv/s 3, v0xab1b95bc9730_0;
    %ix/load 4, 0, 0; Constant delay
    %assign/vec4/a/d v0xab1b95bc99d0, 0, 4;
    %pushi/vec4 1, 0, 2;
    %ix/getv/s 3, v0xab1b95bc9730_0;
    %ix/load 4, 0, 0; Constant delay
    %assign/vec4/a/d v0xab1b95bc9db0, 0, 4;
    %pushi/vec4 0, 0, 32;
    %store/vec4 v0xab1b95b963b0_0, 0, 32;
    %pushi/vec4 0, 0, 32;
    %store/vec4 v0xab1b95bc9f30_0, 0, 32;
    %load/vec4 v0xab1b95bc9730_0;
    %addi 1, 0, 32;
    %store/vec4 v0xab1b95bc9730_0, 0, 32;
    %jmp T_0.2;
T_0.3 ;
    %pushi/vec4 0, 0, 8;
    %assign/vec4 v0xab1b95bc9600_0, 0;
    %jmp T_0.1;
T_0.0 ;
    %load/vec4 v0xab1b95bc98f0_0;
    %pad/u 10;
    %ix/vec4 4;
    %load/vec4a v0xab1b95bc9db0, 4;
    %cmpi/u 1, 0, 2;
    %flag_or 5, 4; GT is !LE
    %flag_inv 5;
    %jmp/0xz  T_0.4, 5;
    %load/vec4 v0xab1b95bc9810_0;
    %pad/u 10;
    %ix/vec4 4;
    %load/vec4a v0xab1b95bc9e70, 4;
    %cmpi/u 1, 0, 2;
    %flag_or 5, 4; GT is !LE
    %flag_inv 5;
    %jmp/0xz  T_0.6, 5;
    %pushi/vec4 1, 0, 1;
    %store/vec4 v0xab1b95bc9b70_0, 0, 1;
    %jmp T_0.7;
T_0.6 ;
    %pushi/vec4 0, 0, 1;
    %store/vec4 v0xab1b95bc9b70_0, 0, 1;
T_0.7 ;
    %jmp T_0.5;
T_0.4 ;
    %load/vec4 v0xab1b95bc9810_0;
    %pad/u 10;
    %ix/vec4 4;
    %load/vec4a v0xab1b95bc99d0, 4;
    %cmpi/u 1, 0, 2;
    %flag_or 5, 4; GT is !LE
    %flag_inv 5;
    %jmp/0xz  T_0.8, 5;
    %pushi/vec4 0, 0, 1;
    %store/vec4 v0xab1b95bc9b70_0, 0, 1;
    %jmp T_0.9;
T_0.8 ;
    %pushi/vec4 1, 0, 1;
    %store/vec4 v0xab1b95bc9b70_0, 0, 1;
T_0.9 ;
T_0.5 ;
    %load/vec4 v0xab1b95bc9c30_0;
    %load/vec4 v0xab1b95bc9b70_0;
    %cmp/e;
    %jmp/0xz  T_0.10, 4;
    %load/vec4 v0xab1b95b963b0_0;
    %addi 1, 0, 32;
    %store/vec4 v0xab1b95b963b0_0, 0, 32;
    %load/vec4 v0xab1b95bc98f0_0;
    %pad/u 10;
    %ix/vec4 4;
    %load/vec4a v0xab1b95bc9db0, 4;
    %cmpi/ne 3, 0, 2;
    %jmp/0xz  T_0.12, 4;
    %load/vec4 v0xab1b95bc98f0_0;
    %pad/u 10;
    %ix/vec4 4;
    %load/vec4a v0xab1b95bc9db0, 4;
    %addi 1, 0, 2;
    %load/vec4 v0xab1b95bc98f0_0;
    %pad/u 10;
    %ix/vec4 3;
    %ix/load 4, 0, 0; Constant delay
    %assign/vec4/a/d v0xab1b95bc9db0, 0, 4;
T_0.12 ;
    %load/vec4 v0xab1b95bc9810_0;
    %pad/u 10;
    %ix/vec4 4;
    %load/vec4a v0xab1b95bc9e70, 4;
    %cmpi/ne 3, 0, 2;
    %jmp/0xz  T_0.14, 4;
    %load/vec4 v0xab1b95bc9810_0;
    %pad/u 10;
    %ix/vec4 4;
    %load/vec4a v0xab1b95bc9e70, 4;
    %addi 1, 0, 2;
    %load/vec4 v0xab1b95bc9810_0;
    %pad/u 10;
    %ix/vec4 3;
    %ix/load 4, 0, 0; Constant delay
    %assign/vec4/a/d v0xab1b95bc9e70, 0, 4;
T_0.14 ;
    %jmp T_0.11;
T_0.10 ;
    %load/vec4 v0xab1b95bc98f0_0;
    %pad/u 10;
    %ix/vec4 4;
    %load/vec4a v0xab1b95bc9db0, 4;
    %cmpi/ne 0, 0, 2;
    %jmp/0xz  T_0.16, 4;
    %load/vec4 v0xab1b95bc98f0_0;
    %pad/u 10;
    %ix/vec4 4;
    %load/vec4a v0xab1b95bc9db0, 4;
    %subi 1, 0, 2;
    %load/vec4 v0xab1b95bc98f0_0;
    %pad/u 10;
    %ix/vec4 3;
    %ix/load 4, 0, 0; Constant delay
    %assign/vec4/a/d v0xab1b95bc9db0, 0, 4;
T_0.16 ;
    %load/vec4 v0xab1b95bc9810_0;
    %pad/u 10;
    %ix/vec4 4;
    %load/vec4a v0xab1b95bc99d0, 4;
    %cmpi/ne 3, 0, 2;
    %jmp/0xz  T_0.18, 4;
    %load/vec4 v0xab1b95bc9810_0;
    %pad/u 10;
    %ix/vec4 4;
    %load/vec4a v0xab1b95bc99d0, 4;
    %addi 1, 0, 2;
    %load/vec4 v0xab1b95bc9810_0;
    %pad/u 10;
    %ix/vec4 3;
    %ix/load 4, 0, 0; Constant delay
    %assign/vec4/a/d v0xab1b95bc99d0, 0, 4;
T_0.18 ;
T_0.11 ;
    %load/vec4 v0xab1b95bc9f30_0;
    %addi 1, 0, 32;
    %assign/vec4 v0xab1b95bc9f30_0, 0;
    %load/vec4 v0xab1b95bc9f30_0;
    %cmpi/u 0, 0, 32;
    %flag_or 5, 4; GT is !LE
    %flag_inv 5;
    %jmp/0xz  T_0.20, 5;
    %load/vec4 v0xab1b95b963b0_0;
    %load/vec4 v0xab1b95bc9f30_0;
    %div;
    %cvt/rv;
    %pushi/real 1677721600, 4072; load=100.000
    %mul/wr;
    %cvt/vr 32;
    %assign/vec4 v0xab1b95bc9a90_0, 0;
    %jmp T_0.21;
T_0.20 ;
    %pushi/vec4 0, 0, 32;
    %store/vec4 v0xab1b95bc9a90_0, 0, 32;
T_0.21 ;
    %load/vec4 v0xab1b95bc9600_0;
    %parti/s 7, 0, 2;
    %load/vec4 v0xab1b95bc9c30_0;
    %concat/vec4; draw_concat_vec4
    %assign/vec4 v0xab1b95bc9600_0, 0;
T_0.1 ;
    %jmp T_0;
    .thread T_0;
    .scope S_0xab1b95bca0b0;
T_1 ;
    %delay 1, 0;
    %load/vec4 v0xab1b95bca320_0;
    %nor/r;
    %store/vec4 v0xab1b95bca320_0, 0, 1;
    %jmp T_1;
    .thread T_1;
    .scope S_0xab1b95bca0b0;
T_2 ;
    %pushi/vec4 0, 0, 1;
    %store/vec4 v0xab1b95bca320_0, 0, 1;
    %pushi/vec4 1, 0, 1;
    %store/vec4 v0xab1b95bca4f0_0, 0, 1;
    %delay 50, 0;
    %pushi/vec4 0, 0, 1;
    %store/vec4 v0xab1b95bca4f0_0, 0, 1;
    %delay 50, 0;
    %pushi/vec4 2839674880, 0, 49;
    %concati/vec4 1, 0, 15;
    %store/vec4 v0xab1b95bca260_0, 0, 64;
    %pushi/vec4 0, 0, 1;
    %store/vec4 v0xab1b95bca3f0_0, 0, 1;
    %delay 50, 0;
    %pushi/vec4 11, 0, 64;
    %store/vec4 v0xab1b95bca260_0, 0, 64;
    %pushi/vec4 1, 0, 1;
    %store/vec4 v0xab1b95bca3f0_0, 0, 1;
    %delay 50, 0;
    %pushi/vec4 3258, 0, 64;
    %store/vec4 v0xab1b95bca260_0, 0, 64;
    %pushi/vec4 0, 0, 1;
    %store/vec4 v0xab1b95bca3f0_0, 0, 1;
    %delay 50, 0;
    %pushi/vec4 48059, 0, 64;
    %store/vec4 v0xab1b95bca260_0, 0, 64;
    %pushi/vec4 1, 0, 1;
    %store/vec4 v0xab1b95bca3f0_0, 0, 1;
    %delay 50, 0;
    %vpi_call 4 32 "$finish" {0 0 0};
    %end;
    .thread T_2;
    .scope S_0xab1b95babcf0;
T_3 ;
    %vpi_call 2 15 "$dumpfile", "sim.vcd" {0 0 0};
    %vpi_call 2 16 "$dumpvars", 32'sb11111111111111111111111111111111, S_0xab1b95babe80 {0 0 0};
    %vpi_call 2 17 "$monitor", "Time: %0d | Addr: %h | Taken: %b | Prediction: %b | Global History: %b | porcentaje de aciertos: %", $time, v0xab1b95bca5f0_0, v0xab1b95bca950_0, v0xab1b95bca8b0_0, v0xab1b95bc9600_0, v0xab1b95bca810_0 {0 0 0};
    %end;
    .thread T_3;
# The file index is used to find the file name in the following table.
:file_names 5;
    "N/A";
    "<interactive>";
    "gshare_tb.v";
    "./Gshare.v";
    "./gshare_tester.v";
